<?xml version="1.0" encoding="UTF-8"?>
<!-- Generated by org.testng.reporters.JUnitReportReporter -->
<testsuite skipped="0" hostname="DESKTOP-I4LRG9O" name="propertycapsule.qa.testcase.FindsBrokenlinkTest" tests="1" failures="0" timestamp="26 Nov 2020 14:40:35 GMT" time="97.366" errors="0">
  <testcase name="brokenlinkTest" time="97.366" classname="propertycapsule.qa.testcase.FindsBrokenlinkTest"/>
</testsuite> <!-- propertycapsule.qa.testcase.FindsBrokenlinkTest -->
